2025-05-21 20:17:01,941 - INFO - 178370 - Rank 0 started, getting latest schedule
2025-05-21 20:17:01,950 - INFO - 178370 - Rank 0 started downloading
2025-05-21 20:17:01,950 - INFO - 178370 - Rank 0 started downloading batch 0 of content.eol.org
2025-05-21 20:17:07,181 - WARNING - 178370 - HTTP error: 429 for https://content.eol.org/data/media/67/4a/c3/18.65fc44020d15fb086634b9800aeb7813.jpg
2025-05-21 20:17:07,324 - WARNING - 178370 - HTTP error: 429 for https://content.eol.org/data/media/82/3a/ca/18.fcb0956cda125783e261c3504313984d.jpg
2025-05-21 20:17:07,354 - WARNING - 178370 - HTTP error: 429 for https://content.eol.org/data/media/67/4a/c3/18.65fc44020d15fb086634b9800aeb7813.jpg
2025-05-21 20:17:07,449 - WARNING - 178370 - HTTP error: 429 for https://content.eol.org/data/media/75/ba/1f/18.b6b3f8fddd205f3f9a4701072c629635.jpg
2025-05-21 20:17:07,513 - WARNING - 178370 - HTTP error: 429 for https://content.eol.org/data/media/82/3a/ca/18.fcb0956cda125783e261c3504313984d.jpg
2025-05-21 20:17:07,566 - WARNING - 178370 - HTTP error: 429 for https://content.eol.org/data/media/67/4a/c3/18.65fc44020d15fb086634b9800aeb7813.jpg
2025-05-21 20:17:07,616 - WARNING - 178370 - HTTP error: 429 for https://content.eol.org/data/media/64/89/00/18.569d642ddb941763c5a2d289c2b1bb97.jpg
2025-05-21 20:17:07,709 - WARNING - 178370 - HTTP error: 429 for https://content.eol.org/data/media/75/ba/1f/18.b6b3f8fddd205f3f9a4701072c629635.jpg
2025-05-21 20:17:07,808 - WARNING - 178370 - HTTP error: 429 for https://content.eol.org/data/media/82/3a/ca/18.fcb0956cda125783e261c3504313984d.jpg
2025-05-21 20:17:07,944 - WARNING - 178370 - HTTP error: 429 for https://content.eol.org/data/media/67/4a/c3/18.65fc44020d15fb086634b9800aeb7813.jpg
2025-05-21 20:17:07,950 - WARNING - 178370 - HTTP error: 429 for https://content.eol.org/data/media/78/13/d7/18.c3d45e23612b28fafedb5830a43aef6d.jpg
2025-05-21 20:17:08,212 - WARNING - 178370 - HTTP error: 429 for https://content.eol.org/data/media/64/89/00/18.569d642ddb941763c5a2d289c2b1bb97.jpg
2025-05-21 20:17:08,757 - WARNING - 178370 - HTTP error: 429 for https://content.eol.org/data/media/75/ba/1f/18.b6b3f8fddd205f3f9a4701072c629635.jpg
2025-05-21 20:17:08,856 - WARNING - 178370 - HTTP error: 429 for https://content.eol.org/data/media/82/3a/ca/18.fcb0956cda125783e261c3504313984d.jpg
2025-05-21 20:17:08,952 - WARNING - 178370 - HTTP error: 429 for https://content.eol.org/data/media/71/16/fa/18.9cbb6448df5d604b89728d8bc49cd0cd.jpg
2025-05-21 20:17:08,991 - WARNING - 178370 - HTTP error: 429 for https://content.eol.org/data/media/67/4a/c3/18.65fc44020d15fb086634b9800aeb7813.jpg
2025-05-21 20:17:08,996 - WARNING - 178370 - HTTP error: 429 for https://content.eol.org/data/media/78/13/d7/18.c3d45e23612b28fafedb5830a43aef6d.jpg
2025-05-21 20:17:09,259 - WARNING - 178370 - HTTP error: 429 for https://content.eol.org/data/media/64/89/00/18.569d642ddb941763c5a2d289c2b1bb97.jpg
2025-05-21 20:17:09,805 - WARNING - 178370 - HTTP error: 429 for https://content.eol.org/data/media/75/ba/1f/18.b6b3f8fddd205f3f9a4701072c629635.jpg
2025-05-21 20:17:09,903 - WARNING - 178370 - HTTP error: 429 for https://content.eol.org/data/media/82/3a/ca/18.fcb0956cda125783e261c3504313984d.jpg
2025-05-21 20:17:09,954 - WARNING - 178370 - HTTP error: 429 for https://content.eol.org/data/media/5a/0a/2c/18.1be001f4589d0900b433333718d27ddf.jpg
2025-05-21 20:17:10,000 - WARNING - 178370 - HTTP error: 429 for https://content.eol.org/data/media/71/16/fa/18.9cbb6448df5d604b89728d8bc49cd0cd.jpg
2025-05-21 20:17:10,041 - WARNING - 178370 - HTTP error: 429 for https://content.eol.org/data/media/78/13/d7/18.c3d45e23612b28fafedb5830a43aef6d.jpg
2025-05-21 20:17:10,306 - WARNING - 178370 - HTTP error: 429 for https://content.eol.org/data/media/64/89/00/18.569d642ddb941763c5a2d289c2b1bb97.jpg
2025-05-21 20:17:10,956 - WARNING - 178370 - HTTP error: 429 for https://content.eol.org/data/media/61/1c/81/18.437a2a18aba000c5070f1e7cb3546222.jpg
2025-05-21 20:17:11,002 - WARNING - 178370 - HTTP error: 429 for https://content.eol.org/data/media/5a/0a/2c/18.1be001f4589d0900b433333718d27ddf.jpg
2025-05-21 20:17:11,048 - WARNING - 178370 - HTTP error: 429 for https://content.eol.org/data/media/71/16/fa/18.9cbb6448df5d604b89728d8bc49cd0cd.jpg
2025-05-21 20:17:11,087 - WARNING - 178370 - HTTP error: 429 for https://content.eol.org/data/media/78/13/d7/18.c3d45e23612b28fafedb5830a43aef6d.jpg
2025-05-21 20:17:11,323 - WARNING - 178370 - HTTP error: 429 for https://content.eol.org/data/media/64/89/00/18.569d642ddb941763c5a2d289c2b1bb97.jpg
2025-05-21 20:17:11,958 - WARNING - 178370 - HTTP error: 429 for https://content.eol.org/data/media/81/e1/3c/18.fabdc91b36a94c2f7573d6e270ed5ae7.jpg
2025-05-21 20:17:12,008 - WARNING - 178370 - HTTP error: 429 for https://content.eol.org/data/media/61/1c/81/18.437a2a18aba000c5070f1e7cb3546222.jpg
2025-05-21 20:17:12,052 - WARNING - 178370 - HTTP error: 429 for https://content.eol.org/data/media/5a/0a/2c/18.1be001f4589d0900b433333718d27ddf.jpg
2025-05-21 20:17:12,094 - WARNING - 178370 - HTTP error: 429 for https://content.eol.org/data/media/71/16/fa/18.9cbb6448df5d604b89728d8bc49cd0cd.jpg
2025-05-21 20:17:12,133 - WARNING - 178370 - HTTP error: 429 for https://content.eol.org/data/media/78/13/d7/18.c3d45e23612b28fafedb5830a43aef6d.jpg
2025-05-21 20:17:12,549 - WARNING - 178370 - HTTP error: 429 for https://content.eol.org/data/media/6a/ef/37/18.7a627801f467dd6090444fd77f8d196f.jpg
2025-05-21 20:17:13,006 - WARNING - 178370 - HTTP error: 429 for https://content.eol.org/data/media/81/e1/3c/18.fabdc91b36a94c2f7573d6e270ed5ae7.jpg
2025-05-21 20:17:13,056 - WARNING - 178370 - HTTP error: 429 for https://content.eol.org/data/media/61/1c/81/18.437a2a18aba000c5070f1e7cb3546222.jpg
2025-05-21 20:17:13,103 - WARNING - 178370 - HTTP error: 429 for https://content.eol.org/data/media/5a/0a/2c/18.1be001f4589d0900b433333718d27ddf.jpg
2025-05-21 20:17:13,139 - WARNING - 178370 - HTTP error: 429 for https://content.eol.org/data/media/71/16/fa/18.9cbb6448df5d604b89728d8bc49cd0cd.jpg
2025-05-21 20:17:13,551 - WARNING - 178370 - HTTP error: 429 for https://content.eol.org/data/media/60/2a/48/18.3e2e6c103993d8794dbb7378134be5d7.jpg
2025-05-21 20:17:13,596 - WARNING - 178370 - HTTP error: 429 for https://content.eol.org/data/media/6a/ef/37/18.7a627801f467dd6090444fd77f8d196f.jpg
2025-05-21 20:17:14,053 - WARNING - 178370 - HTTP error: 429 for https://content.eol.org/data/media/81/e1/3c/18.fabdc91b36a94c2f7573d6e270ed5ae7.jpg
2025-05-21 20:17:14,103 - WARNING - 178370 - HTTP error: 429 for https://content.eol.org/data/media/61/1c/81/18.437a2a18aba000c5070f1e7cb3546222.jpg
2025-05-21 20:17:14,149 - WARNING - 178370 - HTTP error: 429 for https://content.eol.org/data/media/5a/0a/2c/18.1be001f4589d0900b433333718d27ddf.jpg
2025-05-21 20:17:14,600 - WARNING - 178370 - HTTP error: 429 for https://content.eol.org/data/media/60/2a/48/18.3e2e6c103993d8794dbb7378134be5d7.jpg
2025-05-21 20:17:14,644 - WARNING - 178370 - HTTP error: 429 for https://content.eol.org/data/media/6a/ef/37/18.7a627801f467dd6090444fd77f8d196f.jpg
2025-05-21 20:17:15,069 - WARNING - 178370 - HTTP error: 429 for https://content.eol.org/data/media/81/e1/3c/18.fabdc91b36a94c2f7573d6e270ed5ae7.jpg
2025-05-21 20:17:15,151 - WARNING - 178370 - HTTP error: 429 for https://content.eol.org/data/media/61/1c/81/18.437a2a18aba000c5070f1e7cb3546222.jpg
2025-05-21 20:17:15,554 - WARNING - 178370 - HTTP error: 429 for https://content.eol.org/data/media/74/ef/91/18.b23da2c668ba8daffacea97215d3bae6.jpg
2025-05-21 20:17:15,648 - WARNING - 178370 - HTTP error: 429 for https://content.eol.org/data/media/60/2a/48/18.3e2e6c103993d8794dbb7378134be5d7.jpg
2025-05-21 20:17:15,690 - WARNING - 178370 - HTTP error: 429 for https://content.eol.org/data/media/6a/ef/37/18.7a627801f467dd6090444fd77f8d196f.jpg
2025-05-21 20:17:16,116 - WARNING - 178370 - HTTP error: 429 for https://content.eol.org/data/media/81/e1/3c/18.fabdc91b36a94c2f7573d6e270ed5ae7.jpg
2025-05-21 20:17:16,557 - WARNING - 178370 - HTTP error: 429 for https://content.eol.org/data/media/78/5e/7d/18.c578dfe0f21eb442a6238c9140b86aba.jpg
2025-05-21 20:17:16,603 - WARNING - 178370 - HTTP error: 429 for https://content.eol.org/data/media/74/ef/91/18.b23da2c668ba8daffacea97215d3bae6.jpg
2025-05-21 20:17:16,695 - WARNING - 178370 - HTTP error: 429 for https://content.eol.org/data/media/60/2a/48/18.3e2e6c103993d8794dbb7378134be5d7.jpg
2025-05-21 20:17:16,736 - WARNING - 178370 - HTTP error: 429 for https://content.eol.org/data/media/6a/ef/37/18.7a627801f467dd6090444fd77f8d196f.jpg
2025-05-21 20:17:17,558 - WARNING - 178370 - HTTP error: 429 for https://content.eol.org/data/media/61/2e/78/18.43de9058b3673c639f042adc8267a1d9.jpg
2025-05-21 20:17:17,603 - WARNING - 178370 - HTTP error: 429 for https://content.eol.org/data/media/78/5e/7d/18.c578dfe0f21eb442a6238c9140b86aba.jpg
2025-05-21 20:17:17,650 - WARNING - 178370 - HTTP error: 429 for https://content.eol.org/data/media/74/ef/91/18.b23da2c668ba8daffacea97215d3bae6.jpg
2025-05-21 20:17:17,742 - WARNING - 178370 - HTTP error: 429 for https://content.eol.org/data/media/60/2a/48/18.3e2e6c103993d8794dbb7378134be5d7.jpg
2025-05-21 20:17:18,607 - WARNING - 178370 - HTTP error: 429 for https://content.eol.org/data/media/61/2e/78/18.43de9058b3673c639f042adc8267a1d9.jpg
2025-05-21 20:17:18,649 - WARNING - 178370 - HTTP error: 429 for https://content.eol.org/data/media/78/5e/7d/18.c578dfe0f21eb442a6238c9140b86aba.jpg
2025-05-21 20:17:18,697 - WARNING - 178370 - HTTP error: 429 for https://content.eol.org/data/media/74/ef/91/18.b23da2c668ba8daffacea97215d3bae6.jpg
2025-05-21 20:17:19,530 - WARNING - 178370 - HTTP error: 429 for https://content.eol.org/data/media/55/2e/b6/18.00c9b04793aa0565b1ae5377cd7da22a.jpg
2025-05-21 20:17:19,656 - WARNING - 178370 - HTTP error: 429 for https://content.eol.org/data/media/61/2e/78/18.43de9058b3673c639f042adc8267a1d9.jpg
2025-05-21 20:17:19,697 - WARNING - 178370 - HTTP error: 429 for https://content.eol.org/data/media/78/5e/7d/18.c578dfe0f21eb442a6238c9140b86aba.jpg
2025-05-21 20:17:19,744 - WARNING - 178370 - HTTP error: 429 for https://content.eol.org/data/media/74/ef/91/18.b23da2c668ba8daffacea97215d3bae6.jpg
2025-05-21 20:17:20,253 - WARNING - 178370 - HTTP error: 429 for https://content.eol.org/data/media/82/24/78/18.fc3310211e1be68f41c26afa6d7fc254.jpg
2025-05-21 20:17:20,577 - WARNING - 178370 - HTTP error: 429 for https://content.eol.org/data/media/55/2e/b6/18.00c9b04793aa0565b1ae5377cd7da22a.jpg
2025-05-21 20:17:20,704 - WARNING - 178370 - HTTP error: 429 for https://content.eol.org/data/media/61/2e/78/18.43de9058b3673c639f042adc8267a1d9.jpg
2025-05-21 20:17:20,743 - WARNING - 178370 - HTTP error: 429 for https://content.eol.org/data/media/78/5e/7d/18.c578dfe0f21eb442a6238c9140b86aba.jpg
2025-05-21 20:17:21,253 - WARNING - 178370 - HTTP error: 429 for https://content.eol.org/data/media/69/f3/73/18.74d967ce87a93b77434aa3cb576a9b00.jpg
2025-05-21 20:17:21,300 - WARNING - 178370 - HTTP error: 429 for https://content.eol.org/data/media/82/24/78/18.fc3310211e1be68f41c26afa6d7fc254.jpg
2025-05-21 20:17:21,625 - WARNING - 178370 - HTTP error: 429 for https://content.eol.org/data/media/55/2e/b6/18.00c9b04793aa0565b1ae5377cd7da22a.jpg
2025-05-21 20:17:21,751 - WARNING - 178370 - HTTP error: 429 for https://content.eol.org/data/media/61/2e/78/18.43de9058b3673c639f042adc8267a1d9.jpg
slurmstepd: error: *** STEP 35797633.2 ON p0539 CANCELLED AT 2025-05-21T20:17:21 ***
