2025-05-21 20:14:28,354 - INFO - 99555 - Rank 0 started, getting latest schedule
2025-05-21 20:14:28,361 - INFO - 99555 - Rank 0 started downloading
2025-05-21 20:14:28,362 - INFO - 99555 - Rank 0 started downloading batch 0 of content.eol.org
2025-05-21 20:14:34,724 - WARNING - 99555 - HTTP error: 429 for https://content.eol.org/data/media/67/4a/c3/18.65fc44020d15fb086634b9800aeb7813.jpg
2025-05-21 20:14:34,988 - WARNING - 99555 - HTTP error: 429 for https://content.eol.org/data/media/82/3a/ca/18.fcb0956cda125783e261c3504313984d.jpg
2025-05-21 20:14:35,098 - WARNING - 99555 - HTTP error: 429 for https://content.eol.org/data/media/67/4a/c3/18.65fc44020d15fb086634b9800aeb7813.jpg
2025-05-21 20:14:35,339 - WARNING - 99555 - HTTP error: 429 for https://content.eol.org/data/media/75/ba/1f/18.b6b3f8fddd205f3f9a4701072c629635.jpg
2025-05-21 20:14:35,546 - WARNING - 99555 - HTTP error: 429 for https://content.eol.org/data/media/82/3a/ca/18.fcb0956cda125783e261c3504313984d.jpg
2025-05-21 20:14:36,117 - WARNING - 99555 - HTTP error: 429 for https://content.eol.org/data/media/67/4a/c3/18.65fc44020d15fb086634b9800aeb7813.jpg
2025-05-21 20:14:36,378 - WARNING - 99555 - HTTP error: 429 for https://content.eol.org/data/media/64/89/00/18.569d642ddb941763c5a2d289c2b1bb97.jpg
2025-05-21 20:14:36,394 - WARNING - 99555 - HTTP error: 429 for https://content.eol.org/data/media/75/ba/1f/18.b6b3f8fddd205f3f9a4701072c629635.jpg
2025-05-21 20:14:36,644 - WARNING - 99555 - HTTP error: 429 for https://content.eol.org/data/media/82/3a/ca/18.fcb0956cda125783e261c3504313984d.jpg
2025-05-21 20:14:37,383 - WARNING - 99555 - HTTP error: 429 for https://content.eol.org/data/media/78/13/d7/18.c3d45e23612b28fafedb5830a43aef6d.jpg
2025-05-21 20:14:37,432 - WARNING - 99555 - HTTP error: 429 for https://content.eol.org/data/media/64/89/00/18.569d642ddb941763c5a2d289c2b1bb97.jpg
2025-05-21 20:14:37,449 - WARNING - 99555 - HTTP error: 429 for https://content.eol.org/data/media/75/ba/1f/18.b6b3f8fddd205f3f9a4701072c629635.jpg
2025-05-21 20:14:37,693 - WARNING - 99555 - HTTP error: 429 for https://content.eol.org/data/media/82/3a/ca/18.fcb0956cda125783e261c3504313984d.jpg
2025-05-21 20:14:38,343 - WARNING - 99555 - HTTP error: 429 for https://content.eol.org/data/media/71/16/fa/18.9cbb6448df5d604b89728d8bc49cd0cd.jpg
2025-05-21 20:14:38,437 - WARNING - 99555 - HTTP error: 429 for https://content.eol.org/data/media/78/13/d7/18.c3d45e23612b28fafedb5830a43aef6d.jpg
2025-05-21 20:14:38,487 - WARNING - 99555 - HTTP error: 429 for https://content.eol.org/data/media/64/89/00/18.569d642ddb941763c5a2d289c2b1bb97.jpg
2025-05-21 20:14:38,504 - WARNING - 99555 - HTTP error: 429 for https://content.eol.org/data/media/75/ba/1f/18.b6b3f8fddd205f3f9a4701072c629635.jpg
2025-05-21 20:14:38,747 - WARNING - 99555 - HTTP error: 429 for https://content.eol.org/data/media/82/3a/ca/18.fcb0956cda125783e261c3504313984d.jpg
2025-05-21 20:14:39,108 - WARNING - 99555 - HTTP error: 429 for https://content.eol.org/data/media/5a/0a/2c/18.1be001f4589d0900b433333718d27ddf.jpg
2025-05-21 20:14:39,403 - WARNING - 99555 - HTTP error: 429 for https://content.eol.org/data/media/71/16/fa/18.9cbb6448df5d604b89728d8bc49cd0cd.jpg
2025-05-21 20:14:39,509 - WARNING - 99555 - HTTP error: 429 for https://content.eol.org/data/media/78/13/d7/18.c3d45e23612b28fafedb5830a43aef6d.jpg
2025-05-21 20:14:39,538 - WARNING - 99555 - HTTP error: 429 for https://content.eol.org/data/media/64/89/00/18.569d642ddb941763c5a2d289c2b1bb97.jpg
2025-05-21 20:14:39,566 - WARNING - 99555 - HTTP error: 429 for https://content.eol.org/data/media/75/ba/1f/18.b6b3f8fddd205f3f9a4701072c629635.jpg
2025-05-21 20:14:40,102 - WARNING - 99555 - HTTP error: 429 for https://content.eol.org/data/media/61/1c/81/18.437a2a18aba000c5070f1e7cb3546222.jpg
2025-05-21 20:14:40,157 - WARNING - 99555 - HTTP error: 429 for https://content.eol.org/data/media/5a/0a/2c/18.1be001f4589d0900b433333718d27ddf.jpg
2025-05-21 20:14:40,450 - WARNING - 99555 - HTTP error: 429 for https://content.eol.org/data/media/71/16/fa/18.9cbb6448df5d604b89728d8bc49cd0cd.jpg
2025-05-21 20:14:40,562 - WARNING - 99555 - HTTP error: 429 for https://content.eol.org/data/media/78/13/d7/18.c3d45e23612b28fafedb5830a43aef6d.jpg
2025-05-21 20:14:40,589 - WARNING - 99555 - HTTP error: 429 for https://content.eol.org/data/media/64/89/00/18.569d642ddb941763c5a2d289c2b1bb97.jpg
2025-05-21 20:14:41,152 - WARNING - 99555 - HTTP error: 429 for https://content.eol.org/data/media/61/1c/81/18.437a2a18aba000c5070f1e7cb3546222.jpg
2025-05-21 20:14:41,208 - WARNING - 99555 - HTTP error: 429 for https://content.eol.org/data/media/5a/0a/2c/18.1be001f4589d0900b433333718d27ddf.jpg
2025-05-21 20:14:41,506 - WARNING - 99555 - HTTP error: 429 for https://content.eol.org/data/media/71/16/fa/18.9cbb6448df5d604b89728d8bc49cd0cd.jpg
2025-05-21 20:14:41,617 - WARNING - 99555 - HTTP error: 429 for https://content.eol.org/data/media/78/13/d7/18.c3d45e23612b28fafedb5830a43aef6d.jpg
2025-05-21 20:14:42,076 - WARNING - 99555 - HTTP error: 429 for https://content.eol.org/data/media/6a/ef/37/18.7a627801f467dd6090444fd77f8d196f.jpg
2025-05-21 20:14:42,209 - WARNING - 99555 - HTTP error: 429 for https://content.eol.org/data/media/61/1c/81/18.437a2a18aba000c5070f1e7cb3546222.jpg
2025-05-21 20:14:42,264 - WARNING - 99555 - HTTP error: 429 for https://content.eol.org/data/media/5a/0a/2c/18.1be001f4589d0900b433333718d27ddf.jpg
2025-05-21 20:14:42,559 - WARNING - 99555 - HTTP error: 429 for https://content.eol.org/data/media/71/16/fa/18.9cbb6448df5d604b89728d8bc49cd0cd.jpg
2025-05-21 20:14:42,905 - WARNING - 99555 - HTTP error: 429 for https://content.eol.org/data/media/60/2a/48/18.3e2e6c103993d8794dbb7378134be5d7.jpg
2025-05-21 20:14:43,132 - WARNING - 99555 - HTTP error: 429 for https://content.eol.org/data/media/6a/ef/37/18.7a627801f467dd6090444fd77f8d196f.jpg
2025-05-21 20:14:43,263 - WARNING - 99555 - HTTP error: 429 for https://content.eol.org/data/media/61/1c/81/18.437a2a18aba000c5070f1e7cb3546222.jpg
2025-05-21 20:14:43,318 - WARNING - 99555 - HTTP error: 429 for https://content.eol.org/data/media/5a/0a/2c/18.1be001f4589d0900b433333718d27ddf.jpg
2025-05-21 20:14:43,917 - WARNING - 99555 - HTTP error: 429 for https://content.eol.org/data/media/5e/aa/d5/18.35cd324844fe61441b2727c22f419bcb.jpg
2025-05-21 20:14:43,961 - WARNING - 99555 - HTTP error: 429 for https://content.eol.org/data/media/60/2a/48/18.3e2e6c103993d8794dbb7378134be5d7.jpg
2025-05-21 20:14:44,191 - WARNING - 99555 - HTTP error: 429 for https://content.eol.org/data/media/6a/ef/37/18.7a627801f467dd6090444fd77f8d196f.jpg
2025-05-21 20:14:44,318 - WARNING - 99555 - HTTP error: 429 for https://content.eol.org/data/media/61/1c/81/18.437a2a18aba000c5070f1e7cb3546222.jpg
2025-05-21 20:14:44,975 - WARNING - 99555 - HTTP error: 429 for https://content.eol.org/data/media/5e/aa/d5/18.35cd324844fe61441b2727c22f419bcb.jpg
2025-05-21 20:14:45,013 - WARNING - 99555 - HTTP error: 429 for https://content.eol.org/data/media/60/2a/48/18.3e2e6c103993d8794dbb7378134be5d7.jpg
2025-05-21 20:14:45,248 - WARNING - 99555 - HTTP error: 429 for https://content.eol.org/data/media/6a/ef/37/18.7a627801f467dd6090444fd77f8d196f.jpg
2025-05-21 20:14:45,875 - WARNING - 99555 - HTTP error: 429 for https://content.eol.org/data/media/78/5e/7d/18.c578dfe0f21eb442a6238c9140b86aba.jpg
2025-05-21 20:14:46,032 - WARNING - 99555 - HTTP error: 429 for https://content.eol.org/data/media/5e/aa/d5/18.35cd324844fe61441b2727c22f419bcb.jpg
2025-05-21 20:14:46,066 - WARNING - 99555 - HTTP error: 429 for https://content.eol.org/data/media/60/2a/48/18.3e2e6c103993d8794dbb7378134be5d7.jpg
2025-05-21 20:14:46,302 - WARNING - 99555 - HTTP error: 429 for https://content.eol.org/data/media/6a/ef/37/18.7a627801f467dd6090444fd77f8d196f.jpg
2025-05-21 20:14:46,574 - WARNING - 99555 - HTTP error: 429 for https://content.eol.org/data/media/61/2e/78/18.43de9058b3673c639f042adc8267a1d9.jpg
2025-05-21 20:14:46,929 - WARNING - 99555 - HTTP error: 429 for https://content.eol.org/data/media/78/5e/7d/18.c578dfe0f21eb442a6238c9140b86aba.jpg
2025-05-21 20:14:47,088 - WARNING - 99555 - HTTP error: 429 for https://content.eol.org/data/media/5e/aa/d5/18.35cd324844fe61441b2727c22f419bcb.jpg
2025-05-21 20:14:47,119 - WARNING - 99555 - HTTP error: 429 for https://content.eol.org/data/media/60/2a/48/18.3e2e6c103993d8794dbb7378134be5d7.jpg
2025-05-21 20:14:47,575 - WARNING - 99555 - HTTP error: 429 for https://content.eol.org/data/media/7c/29/ea/18.dab8020338c7dce0eb4b1d98e62df62b.jpg
2025-05-21 20:14:47,628 - WARNING - 99555 - HTTP error: 429 for https://content.eol.org/data/media/61/2e/78/18.43de9058b3673c639f042adc8267a1d9.jpg
2025-05-21 20:14:47,983 - WARNING - 99555 - HTTP error: 429 for https://content.eol.org/data/media/78/5e/7d/18.c578dfe0f21eb442a6238c9140b86aba.jpg
2025-05-21 20:14:48,141 - WARNING - 99555 - HTTP error: 429 for https://content.eol.org/data/media/5e/aa/d5/18.35cd324844fe61441b2727c22f419bcb.jpg
2025-05-21 20:14:48,581 - WARNING - 99555 - HTTP error: 429 for https://content.eol.org/data/media/55/2e/b6/18.00c9b04793aa0565b1ae5377cd7da22a.jpg
2025-05-21 20:14:48,633 - WARNING - 99555 - HTTP error: 429 for https://content.eol.org/data/media/7c/29/ea/18.dab8020338c7dce0eb4b1d98e62df62b.jpg
2025-05-21 20:14:48,683 - WARNING - 99555 - HTTP error: 429 for https://content.eol.org/data/media/61/2e/78/18.43de9058b3673c639f042adc8267a1d9.jpg
2025-05-21 20:14:49,609 - WARNING - 99555 - HTTP error: 429 for https://content.eol.org/data/media/82/24/78/18.fc3310211e1be68f41c26afa6d7fc254.jpg
2025-05-21 20:14:49,609 - WARNING - 99555 - HTTP error: 429 for https://content.eol.org/data/media/55/2e/b6/18.00c9b04793aa0565b1ae5377cd7da22a.jpg
2025-05-21 20:14:49,687 - WARNING - 99555 - HTTP error: 429 for https://content.eol.org/data/media/7c/29/ea/18.dab8020338c7dce0eb4b1d98e62df62b.jpg
2025-05-21 20:14:49,737 - WARNING - 99555 - HTTP error: 429 for https://content.eol.org/data/media/61/2e/78/18.43de9058b3673c639f042adc8267a1d9.jpg
2025-05-21 20:14:50,579 - WARNING - 99555 - HTTP error: 429 for https://content.eol.org/data/media/69/f3/73/18.74d967ce87a93b77434aa3cb576a9b00.jpg
2025-05-21 20:14:50,664 - WARNING - 99555 - HTTP error: 429 for https://content.eol.org/data/media/82/24/78/18.fc3310211e1be68f41c26afa6d7fc254.jpg
2025-05-21 20:14:50,666 - WARNING - 99555 - HTTP error: 429 for https://content.eol.org/data/media/55/2e/b6/18.00c9b04793aa0565b1ae5377cd7da22a.jpg
2025-05-21 20:14:50,742 - WARNING - 99555 - HTTP error: 429 for https://content.eol.org/data/media/7c/29/ea/18.dab8020338c7dce0eb4b1d98e62df62b.jpg
2025-05-21 20:14:50,791 - WARNING - 99555 - HTTP error: 429 for https://content.eol.org/data/media/61/2e/78/18.43de9058b3673c639f042adc8267a1d9.jpg
2025-05-21 20:14:51,581 - WARNING - 99555 - HTTP error: 429 for https://content.eol.org/data/media/5d/51/75/18.2e37cbd34c37ae2ed569ca9a2fa14bdd.jpg
2025-05-21 20:14:51,634 - WARNING - 99555 - HTTP error: 429 for https://content.eol.org/data/media/69/f3/73/18.74d967ce87a93b77434aa3cb576a9b00.jpg
2025-05-21 20:14:51,718 - WARNING - 99555 - HTTP error: 429 for https://content.eol.org/data/media/82/24/78/18.fc3310211e1be68f41c26afa6d7fc254.jpg
2025-05-21 20:14:51,722 - WARNING - 99555 - HTTP error: 429 for https://content.eol.org/data/media/55/2e/b6/18.00c9b04793aa0565b1ae5377cd7da22a.jpg
2025-05-21 20:14:51,796 - WARNING - 99555 - HTTP error: 429 for https://content.eol.org/data/media/7c/29/ea/18.dab8020338c7dce0eb4b1d98e62df62b.jpg
2025-05-21 20:14:52,581 - WARNING - 99555 - HTTP error: 429 for https://content.eol.org/data/media/68/f4/04/18.6f46980c947f5ea8a67d192afcf0202c.jpg
2025-05-21 20:14:52,634 - WARNING - 99555 - HTTP error: 429 for https://content.eol.org/data/media/5d/51/75/18.2e37cbd34c37ae2ed569ca9a2fa14bdd.jpg
2025-05-21 20:14:52,686 - WARNING - 99555 - HTTP error: 429 for https://content.eol.org/data/media/69/f3/73/18.74d967ce87a93b77434aa3cb576a9b00.jpg
2025-05-21 20:14:52,771 - WARNING - 99555 - HTTP error: 429 for https://content.eol.org/data/media/82/24/78/18.fc3310211e1be68f41c26afa6d7fc254.jpg
2025-05-21 20:14:52,776 - WARNING - 99555 - HTTP error: 429 for https://content.eol.org/data/media/55/2e/b6/18.00c9b04793aa0565b1ae5377cd7da22a.jpg
2025-05-21 20:14:53,634 - WARNING - 99555 - HTTP error: 429 for https://content.eol.org/data/media/68/f4/04/18.6f46980c947f5ea8a67d192afcf0202c.jpg
2025-05-21 20:14:53,690 - WARNING - 99555 - HTTP error: 429 for https://content.eol.org/data/media/5d/51/75/18.2e37cbd34c37ae2ed569ca9a2fa14bdd.jpg
2025-05-21 20:14:53,739 - WARNING - 99555 - HTTP error: 429 for https://content.eol.org/data/media/69/f3/73/18.74d967ce87a93b77434aa3cb576a9b00.jpg
2025-05-21 20:14:53,819 - WARNING - 99555 - HTTP error: 429 for https://content.eol.org/data/media/82/24/78/18.fc3310211e1be68f41c26afa6d7fc254.jpg
2025-05-21 20:14:54,547 - WARNING - 99555 - HTTP error: 429 for https://content.eol.org/data/media/5d/9f/7c/18.2feccdb15fd3a5762fcca82cdb48a244.jpg
2025-05-21 20:14:54,683 - WARNING - 99555 - HTTP error: 429 for https://content.eol.org/data/media/68/f4/04/18.6f46980c947f5ea8a67d192afcf0202c.jpg
2025-05-21 20:14:54,748 - WARNING - 99555 - HTTP error: 429 for https://content.eol.org/data/media/5d/51/75/18.2e37cbd34c37ae2ed569ca9a2fa14bdd.jpg
2025-05-21 20:14:54,787 - WARNING - 99555 - HTTP error: 429 for https://content.eol.org/data/media/69/f3/73/18.74d967ce87a93b77434aa3cb576a9b00.jpg
2025-05-21 20:14:55,362 - WARNING - 99555 - HTTP error: 429 for https://content.eol.org/data/media/67/a1/9a/18.67e672af0fdb0def11c2285cda834570.jpg
2025-05-21 20:14:55,632 - WARNING - 99555 - HTTP error: 429 for https://content.eol.org/data/media/5d/9f/7c/18.2feccdb15fd3a5762fcca82cdb48a244.jpg
2025-05-21 20:14:55,737 - WARNING - 99555 - HTTP error: 429 for https://content.eol.org/data/media/68/f4/04/18.6f46980c947f5ea8a67d192afcf0202c.jpg
2025-05-21 20:14:55,912 - WARNING - 99555 - HTTP error: 429 for https://content.eol.org/data/media/5d/51/75/18.2e37cbd34c37ae2ed569ca9a2fa14bdd.jpg
2025-05-21 20:14:56,370 - WARNING - 99555 - HTTP error: 429 for https://content.eol.org/data/media/68/69/5f/18.6c441e55038d3a737f287631cc6269ab.jpg
2025-05-21 20:14:56,416 - WARNING - 99555 - HTTP error: 429 for https://content.eol.org/data/media/67/a1/9a/18.67e672af0fdb0def11c2285cda834570.jpg
2025-05-21 20:14:56,687 - WARNING - 99555 - HTTP error: 429 for https://content.eol.org/data/media/5d/9f/7c/18.2feccdb15fd3a5762fcca82cdb48a244.jpg
2025-05-21 20:14:56,790 - WARNING - 99555 - HTTP error: 429 for https://content.eol.org/data/media/68/f4/04/18.6f46980c947f5ea8a67d192afcf0202c.jpg
2025-05-21 20:14:57,422 - WARNING - 99555 - HTTP error: 429 for https://content.eol.org/data/media/68/69/5f/18.6c441e55038d3a737f287631cc6269ab.jpg
2025-05-21 20:14:57,465 - WARNING - 99555 - HTTP error: 429 for https://content.eol.org/data/media/67/a1/9a/18.67e672af0fdb0def11c2285cda834570.jpg
2025-05-21 20:14:57,736 - WARNING - 99555 - HTTP error: 429 for https://content.eol.org/data/media/5d/9f/7c/18.2feccdb15fd3a5762fcca82cdb48a244.jpg
2025-05-21 20:14:58,335 - WARNING - 99555 - HTTP error: 429 for https://content.eol.org/data/media/79/77/58/18.cb9efb5fe0c9a293fbfea6157cc54b0d.jpg
2025-05-21 20:14:58,469 - WARNING - 99555 - HTTP error: 429 for https://content.eol.org/data/media/68/69/5f/18.6c441e55038d3a737f287631cc6269ab.jpg
2025-05-21 20:14:58,522 - WARNING - 99555 - HTTP error: 429 for https://content.eol.org/data/media/67/a1/9a/18.67e672af0fdb0def11c2285cda834570.jpg
2025-05-21 20:14:58,783 - WARNING - 99555 - HTTP error: 429 for https://content.eol.org/data/media/5d/9f/7c/18.2feccdb15fd3a5762fcca82cdb48a244.jpg
2025-05-21 20:14:59,369 - WARNING - 99555 - HTTP error: 429 for https://content.eol.org/data/media/78/99/b6/18.c6c8035f69958427e943952ac27cc717.jpg
2025-05-21 20:14:59,384 - WARNING - 99555 - HTTP error: 429 for https://content.eol.org/data/media/79/77/58/18.cb9efb5fe0c9a293fbfea6157cc54b0d.jpg
2025-05-21 20:14:59,516 - WARNING - 99555 - HTTP error: 429 for https://content.eol.org/data/media/68/69/5f/18.6c441e55038d3a737f287631cc6269ab.jpg
2025-05-21 20:14:59,570 - WARNING - 99555 - HTTP error: 429 for https://content.eol.org/data/media/67/a1/9a/18.67e672af0fdb0def11c2285cda834570.jpg
2025-05-21 20:15:00,369 - WARNING - 99555 - HTTP error: 429 for https://content.eol.org/data/media/6d/d1/3f/18.8a7195c6698a5aaaf309e9dbaef275a1.jpg
2025-05-21 20:15:00,418 - WARNING - 99555 - HTTP error: 429 for https://content.eol.org/data/media/78/99/b6/18.c6c8035f69958427e943952ac27cc717.jpg
2025-05-21 20:15:00,431 - WARNING - 99555 - HTTP error: 429 for https://content.eol.org/data/media/79/77/58/18.cb9efb5fe0c9a293fbfea6157cc54b0d.jpg
2025-05-21 20:15:00,565 - WARNING - 99555 - HTTP error: 429 for https://content.eol.org/data/media/68/69/5f/18.6c441e55038d3a737f287631cc6269ab.jpg
2025-05-21 20:15:01,417 - WARNING - 99555 - HTTP error: 429 for https://content.eol.org/data/media/6d/d1/3f/18.8a7195c6698a5aaaf309e9dbaef275a1.jpg
2025-05-21 20:15:01,472 - WARNING - 99555 - HTTP error: 429 for https://content.eol.org/data/media/78/99/b6/18.c6c8035f69958427e943952ac27cc717.jpg
2025-05-21 20:15:01,480 - WARNING - 99555 - HTTP error: 429 for https://content.eol.org/data/media/79/77/58/18.cb9efb5fe0c9a293fbfea6157cc54b0d.jpg
slurmstepd: error: *** STEP 35797367.2 ON p0110 CANCELLED AT 2025-05-21T20:15:02 ***
